{"code":"ECONNREFUSED","instance":"gateway-10828","level":"error","message":"Redis subscriber error:","service":"websocket-gateway","stack":"AggregateError [ECONNREFUSED]: \n    at internalConnectMultiple (node:net:1116:18)\n    at afterConnectMultiple (node:net:1683:7)","timestamp":"2025-11-04 13:45:46"}
{"code":"ECONNREFUSED","instance":"gateway-10828","level":"error","message":"Redis publisher error:","service":"websocket-gateway","stack":"AggregateError [ECONNREFUSED]: \n    at internalConnectMultiple (node:net:1116:18)\n    at afterConnectMultiple (node:net:1683:7)","timestamp":"2025-11-04 13:45:46"}
{"code":"ECONNREFUSED","instance":"gateway-10828","level":"error","message":"Redis publisher error:","service":"websocket-gateway","stack":"AggregateError [ECONNREFUSED]: \n    at internalConnectMultiple (node:net:1116:18)\n    at afterConnectMultiple (node:net:1683:7)","timestamp":"2025-11-04 13:45:46"}
{"code":"ECONNREFUSED","instance":"gateway-10828","level":"error","message":"Redis subscriber error:","service":"websocket-gateway","stack":"AggregateError [ECONNREFUSED]: \n    at internalConnectMultiple (node:net:1116:18)\n    at afterConnectMultiple (node:net:1683:7)","timestamp":"2025-11-04 13:45:46"}
{"code":"ECONNREFUSED","instance":"gateway-10828","level":"error","message":"Redis subscriber error:","service":"websocket-gateway","stack":"AggregateError [ECONNREFUSED]: \n    at internalConnectMultiple (node:net:1116:18)\n    at afterConnectMultiple (node:net:1683:7)","timestamp":"2025-11-04 13:45:46"}
{"code":"ECONNREFUSED","instance":"gateway-10828","level":"error","message":"Redis publisher error:","service":"websocket-gateway","stack":"AggregateError [ECONNREFUSED]: \n    at internalConnectMultiple (node:net:1116:18)\n    at afterConnectMultiple (node:net:1683:7)","timestamp":"2025-11-04 13:45:46"}
{"code":"ECONNREFUSED","instance":"gateway-10828","level":"error","message":"Redis subscriber error:","service":"websocket-gateway","stack":"AggregateError [ECONNREFUSED]: \n    at internalConnectMultiple (node:net:1116:18)\n    at afterConnectMultiple (node:net:1683:7)","timestamp":"2025-11-04 13:45:47"}
{"code":"ECONNREFUSED","instance":"gateway-10828","level":"error","message":"Redis publisher error:","service":"websocket-gateway","stack":"AggregateError [ECONNREFUSED]: \n    at internalConnectMultiple (node:net:1116:18)\n    at afterConnectMultiple (node:net:1683:7)","timestamp":"2025-11-04 13:45:47"}
{"0":"C","1":"o","10":" ","11":"i","12":"s","13":" ","14":"c","15":"l","16":"o","17":"s","18":"e","19":"d","2":"n","20":".","3":"n","4":"e","5":"c","6":"t","7":"i","8":"o","9":"n","instance":"gateway-4400","level":"warn","message":"Failed to connect Redis subscriber:","service":"websocket-gateway","timestamp":"2025-11-04 13:48:18"}
{"instance":"gateway-4400","level":"warn","message":"Redis connection failed: Connection is closed.. Running in standalone mode.","service":"websocket-gateway","timestamp":"2025-11-04 13:48:18"}
{"instance":"gateway-4400","level":"warn","message":"Real-time notifications via Redis pub/sub will not be available.","service":"websocket-gateway","timestamp":"2025-11-04 13:48:18"}
{"instance":"gateway-4400","level":"info","message":"WebSocket Gateway initialized on port 8080","service":"websocket-gateway","timestamp":"2025-11-04 13:48:18"}
{"instance":"gateway-4400","level":"info","message":"Instance ID: gateway-4400","service":"websocket-gateway","timestamp":"2025-11-04 13:48:18"}
{"instance":"gateway-4400","level":"info","message":"Max connections: 10000","service":"websocket-gateway","timestamp":"2025-11-04 13:48:18"}
{"instance":"gateway-4400","level":"info","message":"Redis status: disconnected (standalone mode)","service":"websocket-gateway","timestamp":"2025-11-04 13:48:18"}
{"instance":"gateway-4400","level":"info","message":"WebSocket Gateway started on 0.0.0.0:8080","service":"websocket-gateway","timestamp":"2025-11-04 13:48:18"}
{"instance":"gateway-4400","level":"info","message":"Environment: development","service":"websocket-gateway","timestamp":"2025-11-04 13:48:18"}
{"0":"C","1":"o","10":" ","11":"i","12":"s","13":" ","14":"c","15":"l","16":"o","17":"s","18":"e","19":"d","2":"n","20":".","3":"n","4":"e","5":"c","6":"t","7":"i","8":"o","9":"n","instance":"gateway-4400","level":"warn","message":"Failed to connect Redis publisher:","service":"websocket-gateway","timestamp":"2025-11-04 13:48:18"}
{"instance":"gateway-4400","level":"info","message":"Connections: 0 active, 0 unique users","service":"websocket-gateway","timestamp":"2025-11-04 13:49:18"}
{"instance":"gateway-4400","level":"info","message":"Redis publisher connected","service":"websocket-gateway","timestamp":"2025-11-04 13:50:16"}
{"instance":"gateway-4400","level":"info","message":"Redis subscriber connected","service":"websocket-gateway","timestamp":"2025-11-04 13:50:16"}
{"instance":"gateway-4400","level":"info","message":"Connections: 0 active, 0 unique users","service":"websocket-gateway","timestamp":"2025-11-04 13:50:18"}
{"instance":"gateway-4400","level":"info","message":"Shutting down WebSocket Gateway...","service":"websocket-gateway","timestamp":"2025-11-04 13:50:26"}
{"instance":"gateway-7864","level":"info","message":"Redis publisher connected","service":"websocket-gateway","timestamp":"2025-11-04 13:50:31"}
{"instance":"gateway-7864","level":"info","message":"Redis subscriber connected","service":"websocket-gateway","timestamp":"2025-11-04 13:50:31"}
{"instance":"gateway-7864","level":"info","message":"Redis client initialized successfully","service":"websocket-gateway","timestamp":"2025-11-04 13:50:31"}
{"instance":"gateway-7864","level":"info","message":"WebSocket Gateway initialized on port 8080","service":"websocket-gateway","timestamp":"2025-11-04 13:50:31"}
{"instance":"gateway-7864","level":"info","message":"Instance ID: gateway-7864","service":"websocket-gateway","timestamp":"2025-11-04 13:50:31"}
{"instance":"gateway-7864","level":"info","message":"Max connections: 10000","service":"websocket-gateway","timestamp":"2025-11-04 13:50:31"}
{"instance":"gateway-7864","level":"info","message":"Redis status: connected","service":"websocket-gateway","timestamp":"2025-11-04 13:50:31"}
{"instance":"gateway-7864","level":"info","message":"WebSocket Gateway started on 0.0.0.0:8080","service":"websocket-gateway","timestamp":"2025-11-04 13:50:31"}
{"instance":"gateway-7864","level":"info","message":"Environment: development","service":"websocket-gateway","timestamp":"2025-11-04 13:50:31"}
{"instance":"gateway-7864","level":"info","message":"Connections: 0 active, 0 unique users","service":"websocket-gateway","timestamp":"2025-11-04 13:51:31"}
{"instance":"gateway-7864","level":"warn","message":"Connection rejected: No token provided","service":"websocket-gateway","timestamp":"2025-11-04 13:52:03"}
{"instance":"gateway-7864","level":"warn","message":"Connection rejected: No token provided","service":"websocket-gateway","timestamp":"2025-11-04 13:52:06"}
{"instance":"gateway-7864","level":"info","message":"Connections: 0 active, 0 unique users","service":"websocket-gateway","timestamp":"2025-11-04 13:52:31"}
{"instance":"gateway-7864","level":"warn","message":"Connection rejected: No token provided","service":"websocket-gateway","timestamp":"2025-11-04 13:53:15"}
{"instance":"gateway-7864","level":"info","message":"Connections: 0 active, 0 unique users","service":"websocket-gateway","timestamp":"2025-11-04 13:53:31"}
{"instance":"gateway-7864","level":"info","message":"Connections: 0 active, 0 unique users","service":"websocket-gateway","timestamp":"2025-11-04 13:54:31"}
{"instance":"gateway-7864","level":"info","message":"Connections: 0 active, 0 unique users","service":"websocket-gateway","timestamp":"2025-11-04 13:55:31"}
{"instance":"gateway-7864","level":"info","message":"Connections: 0 active, 0 unique users","service":"websocket-gateway","timestamp":"2025-11-04 13:56:31"}
{"instance":"gateway-7864","level":"info","message":"Connections: 0 active, 0 unique users","service":"websocket-gateway","timestamp":"2025-11-04 13:57:31"}
{"instance":"gateway-7864","level":"info","message":"Connections: 0 active, 0 unique users","service":"websocket-gateway","timestamp":"2025-11-04 13:58:31"}
{"instance":"gateway-7864","level":"info","message":"Connections: 0 active, 0 unique users","service":"websocket-gateway","timestamp":"2025-11-04 13:59:31"}
{"instance":"gateway-7864","level":"info","message":"Connections: 0 active, 0 unique users","service":"websocket-gateway","timestamp":"2025-11-04 14:00:31"}
{"instance":"gateway-7864","level":"info","message":"Connections: 0 active, 0 unique users","service":"websocket-gateway","timestamp":"2025-11-04 14:01:31"}
{"instance":"gateway-7864","level":"info","message":"User 123 connected. Total connections: 1","service":"websocket-gateway","timestamp":"2025-11-04 14:02:12"}
{"instance":"gateway-7864","level":"info","message":"User 123 disconnected. Active connections: 0","service":"websocket-gateway","timestamp":"2025-11-04 14:02:25"}
{"instance":"gateway-7864","level":"info","message":"Connections: 0 active, 0 unique users","service":"websocket-gateway","timestamp":"2025-11-04 14:02:31"}
{"instance":"gateway-7864","level":"info","message":"User 123 connected. Total connections: 1","service":"websocket-gateway","timestamp":"2025-11-04 14:02:31"}
{"instance":"gateway-7864","level":"info","message":"User 123 disconnected. Active connections: 0","service":"websocket-gateway","timestamp":"2025-11-04 14:02:32"}
{"0":"E","1":"r","2":"r","3":"o","4":"r","instance":"gateway-7864","level":"error","message":"Error validating token with Laravel:","service":"websocket-gateway","timestamp":"2025-11-04 14:02:39"}
{"instance":"gateway-7864","level":"warn","message":"Connection rejected: Invalid token","service":"websocket-gateway","timestamp":"2025-11-04 14:02:39"}
{"0":"E","1":"r","2":"r","3":"o","4":"r","instance":"gateway-7864","level":"error","message":"Error validating token with Laravel:","service":"websocket-gateway","timestamp":"2025-11-04 14:02:54"}
{"instance":"gateway-7864","level":"warn","message":"Connection rejected: Invalid token","service":"websocket-gateway","timestamp":"2025-11-04 14:02:54"}
{"0":"E","1":"r","2":"r","3":"o","4":"r","instance":"gateway-7864","level":"error","message":"Error validating token with Laravel:","service":"websocket-gateway","timestamp":"2025-11-04 14:02:59"}
{"instance":"gateway-7864","level":"warn","message":"Connection rejected: Invalid token","service":"websocket-gateway","timestamp":"2025-11-04 14:02:59"}
{"0":"E","1":"r","2":"r","3":"o","4":"r","instance":"gateway-7864","level":"error","message":"Error validating token with Laravel:","service":"websocket-gateway","timestamp":"2025-11-04 14:03:02"}
{"instance":"gateway-7864","level":"warn","message":"Connection rejected: Invalid token","service":"websocket-gateway","timestamp":"2025-11-04 14:03:02"}
{"instance":"gateway-7864","level":"info","message":"User 123 connected. Total connections: 1","service":"websocket-gateway","timestamp":"2025-11-04 14:03:13"}
{"instance":"gateway-7864","level":"info","message":"Connections: 1 active, 1 unique users","service":"websocket-gateway","timestamp":"2025-11-04 14:03:31"}
{"instance":"gateway-7864","level":"info","message":"Connections: 1 active, 1 unique users","service":"websocket-gateway","timestamp":"2025-11-04 14:04:31"}
{"instance":"gateway-7864","level":"info","message":"Connections: 1 active, 1 unique users","service":"websocket-gateway","timestamp":"2025-11-04 14:05:31"}
{"instance":"gateway-7864","level":"info","message":"Connections: 1 active, 1 unique users","service":"websocket-gateway","timestamp":"2025-11-04 14:06:31"}
{"instance":"gateway-7864","level":"info","message":"Connections: 1 active, 1 unique users","service":"websocket-gateway","timestamp":"2025-11-04 14:07:31"}
{"instance":"gateway-7864","level":"info","message":"Connections: 1 active, 1 unique users","service":"websocket-gateway","timestamp":"2025-11-04 14:08:31"}
{"instance":"gateway-7864","level":"info","message":"Connections: 1 active, 1 unique users","service":"websocket-gateway","timestamp":"2025-11-04 14:09:31"}
{"instance":"gateway-7864","level":"info","message":"Connections: 1 active, 1 unique users","service":"websocket-gateway","timestamp":"2025-11-04 14:10:31"}
{"instance":"gateway-7864","level":"info","message":"Connections: 1 active, 1 unique users","service":"websocket-gateway","timestamp":"2025-11-04 14:11:31"}
{"instance":"gateway-7864","level":"info","message":"User 123 disconnected. Active connections: 0","service":"websocket-gateway","timestamp":"2025-11-04 14:12:25"}
{"instance":"gateway-7864","level":"info","message":"Connections: 0 active, 0 unique users","service":"websocket-gateway","timestamp":"2025-11-04 14:12:31"}
{"instance":"gateway-7864","level":"info","message":"Connections: 0 active, 0 unique users","service":"websocket-gateway","timestamp":"2025-11-04 14:13:31"}
{"instance":"gateway-7864","level":"info","message":"Connections: 0 active, 0 unique users","service":"websocket-gateway","timestamp":"2025-11-04 14:14:31"}
{"instance":"gateway-7864","level":"info","message":"User 123 connected. Total connections: 1","service":"websocket-gateway","timestamp":"2025-11-04 14:15:03"}
{"0":"E","1":"r","2":"r","3":"o","4":"r","instance":"gateway-7864","level":"error","message":"Error forwarding message to Laravel:","service":"websocket-gateway","timestamp":"2025-11-04 14:15:04"}
{"0":"E","1":"r","2":"r","3":"o","4":"r","instance":"gateway-7864","level":"error","message":"Error forwarding message to Laravel:","service":"websocket-gateway","timestamp":"2025-11-04 14:15:12"}
{"instance":"gateway-7864","level":"info","message":"User 123 disconnected. Active connections: 0","service":"websocket-gateway","timestamp":"2025-11-04 14:15:16"}
{"instance":"gateway-7864","level":"info","message":"Connections: 0 active, 0 unique users","service":"websocket-gateway","timestamp":"2025-11-04 14:15:31"}
{"instance":"gateway-7864","level":"info","message":"Connections: 0 active, 0 unique users","service":"websocket-gateway","timestamp":"2025-11-04 14:16:31"}
{"instance":"gateway-7864","level":"info","message":"Connections: 0 active, 0 unique users","service":"websocket-gateway","timestamp":"2025-11-04 14:17:31"}
{"instance":"gateway-7864","level":"info","message":"Connections: 0 active, 0 unique users","service":"websocket-gateway","timestamp":"2025-11-04 14:18:31"}
{"instance":"gateway-7864","level":"info","message":"User 123 connected. Total connections: 1","service":"websocket-gateway","timestamp":"2025-11-04 14:18:44"}
{"instance":"gateway-7864","level":"info","message":"Connections: 1 active, 1 unique users","service":"websocket-gateway","timestamp":"2025-11-04 14:19:31"}
{"instance":"gateway-7864","level":"info","message":"Connections: 1 active, 1 unique users","service":"websocket-gateway","timestamp":"2025-11-04 14:20:31"}
{"instance":"gateway-7864","level":"info","message":"Connections: 1 active, 1 unique users","service":"websocket-gateway","timestamp":"2025-11-04 14:21:31"}
{"instance":"gateway-7864","level":"info","message":"Connections: 1 active, 1 unique users","service":"websocket-gateway","timestamp":"2025-11-04 14:22:31"}
{"instance":"gateway-7864","level":"info","message":"Connections: 1 active, 1 unique users","service":"websocket-gateway","timestamp":"2025-11-04 14:23:31"}
{"instance":"gateway-7864","level":"info","message":"Connections: 1 active, 1 unique users","service":"websocket-gateway","timestamp":"2025-11-04 14:24:31"}
{"instance":"gateway-7864","level":"info","message":"Connections: 1 active, 1 unique users","service":"websocket-gateway","timestamp":"2025-11-04 14:25:31"}
{"instance":"gateway-7864","level":"info","message":"Connections: 1 active, 1 unique users","service":"websocket-gateway","timestamp":"2025-11-04 14:26:31"}
{"instance":"gateway-7864","level":"info","message":"User 123 connected. Total connections: 2","service":"websocket-gateway","timestamp":"2025-11-04 14:26:49"}
{"0":"E","1":"r","2":"r","3":"o","4":"r","instance":"gateway-7864","level":"error","message":"Error forwarding message to Laravel:","service":"websocket-gateway","timestamp":"2025-11-04 14:26:50"}
{"0":"E","1":"r","2":"r","3":"o","4":"r","instance":"gateway-7864","level":"error","message":"Error forwarding message to Laravel:","service":"websocket-gateway","timestamp":"2025-11-04 14:26:58"}
{"instance":"gateway-7864","level":"info","message":"User 123 disconnected. Active connections: 1","service":"websocket-gateway","timestamp":"2025-11-04 14:27:02"}
{"instance":"gateway-7864","level":"info","message":"Connections: 1 active, 1 unique users","service":"websocket-gateway","timestamp":"2025-11-04 14:27:31"}
{"instance":"gateway-7864","level":"info","message":"Connections: 1 active, 1 unique users","service":"websocket-gateway","timestamp":"2025-11-04 14:28:31"}
{"instance":"gateway-7864","level":"info","message":"User 123 connected. Total connections: 2","service":"websocket-gateway","timestamp":"2025-11-04 14:29:10"}
{"0":"E","1":"r","2":"r","3":"o","4":"r","instance":"gateway-7864","level":"error","message":"Error forwarding message to Laravel:","service":"websocket-gateway","timestamp":"2025-11-04 14:29:11"}
{"0":"E","1":"r","2":"r","3":"o","4":"r","instance":"gateway-7864","level":"error","message":"Error forwarding message to Laravel:","service":"websocket-gateway","timestamp":"2025-11-04 14:29:19"}
{"instance":"gateway-7864","level":"info","message":"User 123 disconnected. Active connections: 1","service":"websocket-gateway","timestamp":"2025-11-04 14:29:23"}
{"instance":"gateway-7864","level":"info","message":"Connections: 1 active, 1 unique users","service":"websocket-gateway","timestamp":"2025-11-04 14:29:31"}
{"instance":"gateway-7864","level":"info","message":"User 123 connected. Total connections: 2","service":"websocket-gateway","timestamp":"2025-11-04 14:30:01"}
{"0":"E","1":"r","2":"r","3":"o","4":"r","instance":"gateway-7864","level":"error","message":"Error forwarding message to Laravel:","service":"websocket-gateway","timestamp":"2025-11-04 14:30:02"}
{"0":"E","1":"r","2":"r","3":"o","4":"r","instance":"gateway-7864","level":"error","message":"Error forwarding message to Laravel:","service":"websocket-gateway","timestamp":"2025-11-04 14:30:10"}
{"instance":"gateway-7864","level":"info","message":"User 123 disconnected. Active connections: 1","service":"websocket-gateway","timestamp":"2025-11-04 14:30:14"}
{"instance":"gateway-7864","level":"info","message":"Connections: 1 active, 1 unique users","service":"websocket-gateway","timestamp":"2025-11-04 14:30:31"}
{"instance":"gateway-7864","level":"info","message":"Connections: 1 active, 1 unique users","service":"websocket-gateway","timestamp":"2025-11-04 14:31:31"}
{"instance":"gateway-7864","level":"info","message":"Connections: 1 active, 1 unique users","service":"websocket-gateway","timestamp":"2025-11-04 14:32:31"}
{"instance":"gateway-7864","level":"info","message":"Connections: 1 active, 1 unique users","service":"websocket-gateway","timestamp":"2025-11-04 14:33:31"}
{"instance":"gateway-7864","level":"info","message":"Connections: 1 active, 1 unique users","service":"websocket-gateway","timestamp":"2025-11-04 14:34:31"}
{"instance":"gateway-7864","level":"info","message":"Connections: 1 active, 1 unique users","service":"websocket-gateway","timestamp":"2025-11-04 14:35:31"}
{"instance":"gateway-7864","level":"info","message":"Connections: 1 active, 1 unique users","service":"websocket-gateway","timestamp":"2025-11-04 14:36:31"}
{"instance":"gateway-7864","level":"info","message":"Connections: 1 active, 1 unique users","service":"websocket-gateway","timestamp":"2025-11-04 14:37:31"}
{"instance":"gateway-7864","level":"info","message":"Connections: 1 active, 1 unique users","service":"websocket-gateway","timestamp":"2025-11-04 14:38:31"}
{"instance":"gateway-7864","level":"info","message":"Connections: 1 active, 1 unique users","service":"websocket-gateway","timestamp":"2025-11-04 14:39:31"}
